<?xml version="1.0" encoding="UTF-8"?>
<testsuite xmlns:xsi="http://www.w3.org/2001/XMLSchema-instance" xsi:noNamespaceSchemaLocation="https://maven.apache.org/surefire/maven-surefire-plugin/xsd/surefire-test-report-3.0.xsd" version="3.0" name="com.strands.interviews.eventsystem.DefaultEventManagerTest" time="0.043" tests="8" errors="0" skipped="0" failures="0">
  <properties>
[...]
</properties>
  <testcase name="testAddValidKeyWithNullListener" classname="com.strands.interviews.eventsystem.DefaultEventManagerTest" time="0.002"/>
  <testcase name="testPublishNullEvent" classname="com.strands.interviews.eventsystem.DefaultEventManagerTest" time="0.008">
    <system-err><![CDATA[Null event fired?
]]></system-err>
  </testcase>
  <testcase name="testRegisterListenerAndPublishEvent" classname="com.strands.interviews.eventsystem.DefaultEventManagerTest" time="0.0"/>
  <testcase name="testSuperclassListenerDoesNotReceiveSubclassEvent" classname="com.strands.interviews.eventsystem.DefaultEventManagerTest" time="0.0"/>
  <testcase name="testListenerWithoutMatchingEventClass" classname="com.strands.interviews.eventsystem.DefaultEventManagerTest" time="0.0"/>
  <testcase name="testRemoveNonexistentListener" classname="com.strands.interviews.eventsystem.DefaultEventManagerTest" time="0.0"/>
  <testcase name="testUnregisterListener" classname="com.strands.interviews.eventsystem.DefaultEventManagerTest" time="0.0"/>
  <testcase name="testDuplicateKeysForListeners" classname="com.strands.interviews.eventsystem.DefaultEventManagerTest" time="0.0"/>
</testsuite>